2024-06-11T20:48:20.199+09:00  INFO 9232 --- [axon-pub-sub-pattern] [main] c.e.a.AxonPubSubPatternApplication       : Starting AxonPubSubPatternApplication using Java 17.0.7 with PID 9232 (C:\Users\tie307782\IdeaProjects\sandbox\axon-pub-sub-pattern\build\classes\java\main started by tie307782 in C:\Users\tie307782\IdeaProjects\sandbox\axon-pub-sub-pattern)
2024-06-11T20:48:20.201+09:00  INFO 9232 --- [axon-pub-sub-pattern] [main] c.e.a.AxonPubSubPatternApplication       : No active profile set, falling back to 1 default profile: "default"
2024-06-11T20:48:20.258+09:00  INFO 9232 --- [axon-pub-sub-pattern] [main] .s.b.d.c.l.DockerComposeLifecycleManager : Using Docker Compose file 'C:\Users\tie307782\IdeaProjects\sandbox\axon-pub-sub-pattern\compose.yaml'
2024-06-11T20:48:22.010+09:00  INFO 9232 --- [axon-pub-sub-pattern] [OutputReader-stderr] o.s.boot.docker.compose.core.DockerCli   :  Container axon-pub-sub-pattern-mariadb-1  Created
2024-06-11T20:48:22.012+09:00  INFO 9232 --- [axon-pub-sub-pattern] [OutputReader-stderr] o.s.boot.docker.compose.core.DockerCli   :  Container axon-pub-sub-pattern-mariadb-1  Starting
2024-06-11T20:48:23.032+09:00  INFO 9232 --- [axon-pub-sub-pattern] [OutputReader-stderr] o.s.boot.docker.compose.core.DockerCli   :  Container axon-pub-sub-pattern-mariadb-1  Started
2024-06-11T20:48:23.033+09:00  INFO 9232 --- [axon-pub-sub-pattern] [OutputReader-stderr] o.s.boot.docker.compose.core.DockerCli   :  Container axon-pub-sub-pattern-mariadb-1  Waiting
2024-06-11T20:48:23.549+09:00  INFO 9232 --- [axon-pub-sub-pattern] [OutputReader-stderr] o.s.boot.docker.compose.core.DockerCli   :  Container axon-pub-sub-pattern-mariadb-1  Healthy
2024-06-11T20:48:26.098+09:00  INFO 9232 --- [axon-pub-sub-pattern] [main] o.s.b.w.embedded.tomcat.TomcatWebServer  : Tomcat initialized with port 8080 (http)
2024-06-11T20:48:26.106+09:00  INFO 9232 --- [axon-pub-sub-pattern] [main] o.apache.catalina.core.StandardService   : Starting service [Tomcat]
2024-06-11T20:48:26.107+09:00  INFO 9232 --- [axon-pub-sub-pattern] [main] o.apache.catalina.core.StandardEngine    : Starting Servlet engine: [Apache Tomcat/10.1.24]
2024-06-11T20:48:26.172+09:00  INFO 9232 --- [axon-pub-sub-pattern] [main] o.a.c.c.C.[Tomcat].[localhost].[/]       : Initializing Spring embedded WebApplicationContext
2024-06-11T20:48:26.173+09:00  INFO 9232 --- [axon-pub-sub-pattern] [main] w.s.c.ServletWebServerApplicationContext : Root WebApplicationContext: initialization completed in 987 ms
2024-06-11T20:48:26.409+09:00  INFO 9232 --- [axon-pub-sub-pattern] [main] o.a.s.a.XStreamAutoConfiguration         : Initializing an XStream instance since none was found. The auto configuration base packages will be used as wildcards for the XStream security settings.
2024-06-11T20:48:26.509+09:00  INFO 9232 --- [axon-pub-sub-pattern] [main] o.a.s.util.XStreamSecurityTypeUtility    : Constructing wildcard type for base package [com.example.axon_pub_sub_pattern].
2024-06-11T20:48:26.515+09:00  INFO 9232 --- [axon-pub-sub-pattern] [main] o.a.serialization.ChainingConverter      : ContentTypeConverter of type [class org.axonframework.serialization.xml.Dom4JToByteArrayConverter] is ignored. It seems to rely on a class that is not available in the class loader: org/dom4j/Document
2024-06-11T20:48:26.516+09:00  INFO 9232 --- [axon-pub-sub-pattern] [main] o.a.serialization.ChainingConverter      : ContentTypeConverter of type [class org.axonframework.serialization.xml.InputStreamToDom4jConverter] is ignored. It seems to rely on a class that is not available in the class loader: org/dom4j/Document
2024-06-11T20:48:26.516+09:00  INFO 9232 --- [axon-pub-sub-pattern] [main] o.a.serialization.ChainingConverter      : ContentTypeConverter of type [class org.axonframework.serialization.xml.XomToStringConverter] is ignored. It seems to rely on a class that is not available in the class loader: nu/xom/Document
2024-06-11T20:48:26.517+09:00  INFO 9232 --- [axon-pub-sub-pattern] [main] o.a.serialization.ChainingConverter      : ContentTypeConverter of type [class org.axonframework.serialization.xml.InputStreamToXomConverter] is ignored. It seems to rely on a class that is not available in the class loader: nu/xom/ParsingException
2024-06-11T20:48:26.541+09:00  INFO 9232 --- [axon-pub-sub-pattern] [main] o.a.config.AxonIQConsoleModule           : 
################################################################################################
## You have not configured AxonIQ Console. AxonIQ Console provides out-of-the box monitoring  ##
## and management capabilities for your Axon Application, starting with it is free.           ##
## Visit https://console.axoniq.io for more information!                                      ##
## Suppress this message by setting system property disable-axoniq-console-message to true.   ##
################################################################################################

2024-06-11T20:48:26.697+09:00  INFO 9232 --- [axon-pub-sub-pattern] [main] o.s.b.w.embedded.tomcat.TomcatWebServer  : Tomcat started on port 8080 (http) with context path '/'
2024-06-11T20:48:26.708+09:00  INFO 9232 --- [axon-pub-sub-pattern] [main] c.e.a.AxonPubSubPatternApplication       : Started AxonPubSubPatternApplication in 6.972 seconds (process running for 7.567)
2024-06-11T20:49:14.595+09:00  INFO 9232 --- [axon-pub-sub-pattern] [http-nio-8080-exec-1] o.a.c.c.C.[Tomcat].[localhost].[/]       : Initializing Spring DispatcherServlet 'dispatcherServlet'
2024-06-11T20:49:14.595+09:00  INFO 9232 --- [axon-pub-sub-pattern] [http-nio-8080-exec-1] o.s.web.servlet.DispatcherServlet        : Initializing Servlet 'dispatcherServlet'
2024-06-11T20:49:14.596+09:00  INFO 9232 --- [axon-pub-sub-pattern] [http-nio-8080-exec-1] o.s.web.servlet.DispatcherServlet        : Completed initialization in 1 ms
2024-06-11T20:49:23.925+09:00  INFO 9232 --- [axon-pub-sub-pattern] [http-nio-8080-exec-2] c.e.axon_pub_sub_pattern.FooController   : foo called
2024-06-11T20:50:13.496+09:00  INFO 9232 --- [axon-pub-sub-pattern] [http-nio-8080-exec-4] c.e.axon_pub_sub_pattern.FooController   : foo called
2024-06-11T20:50:17.336+09:00  WARN 9232 --- [axon-pub-sub-pattern] [http-nio-8080-exec-5] .w.s.m.s.DefaultHandlerExceptionResolver : Resolved [org.springframework.web.HttpRequestMethodNotSupportedException: Request method 'GET' is not supported]
2024-06-11T20:50:52.828+09:00  INFO 9232 --- [axon-pub-sub-pattern] [http-nio-8080-exec-8] c.e.axon_pub_sub_pattern.FooController   : foo called
